<?xml version="1.0" encoding="UTF-8" ?>
<testsuite tests="18" failures="4" name="TestSuite" time="1.081" errors="0" skipped="0">
  <properties>
[...]
</properties>
  <testcase classname="myApplicationTest.TestNameIDGroup" name="EmployeeTest_A" time="0.01"/>
  <testcase classname="myApplicationTest.TestNameIDGroup" name="EmployeeTest_B" time="0"/>
  <testcase classname="myApplicationTest.TestNameIDGroup" name="EmployeeTest_C" time="0"/>
  <testcase classname="myApplicationTest.TestNameIDGroup" name="EmployeeTest_D" time="0">
    <failure message="expected [1001] but found [100001]" type="java.lang.AssertionError">java.lang.AssertionError: expected [1001] but found [100001]
	at org.testng.Assert.fail(Assert.java:94)
	at org.testng.Assert.failNotSame(Assert.java:492)
	at org.testng.Assert.assertSame(Assert.java:443)
	at org.testng.Assert.assertSame(Assert.java:453)
	at myApplicationTest.TestNameIDGroup.EmployeeTest_D(TestNameIDGroup.java:31)
</failure>
  </testcase>
  <testcase classname="myApplicationTest.TestNameTest1" name="EmployeeTest" time="0">
    <failure message="expected [WillSmitt] but found [Will Smitt]" type="java.lang.AssertionError">java.lang.AssertionError: expected [WillSmitt] but found [Will Smitt]
	at org.testng.Assert.fail(Assert.java:94)
	at org.testng.Assert.failNotEquals(Assert.java:496)
	at org.testng.Assert.assertEquals(Assert.java:125)
	at org.testng.Assert.assertEquals(Assert.java:178)
	at org.testng.Assert.assertEquals(Assert.java:188)
	at myApplicationTest.TestNameTest1.EmployeeTest(TestNameTest1.java:16)
</failure>
  </testcase>
  <testcase classname="myApplicationTest.TestNameTest1" name="testFinished" time="0"/>
  <testcase classname="myApplicationTest.TestNameTest1" name="testStarted" time="0"/>
  <testcase classname="myApplicationTest.TestSuiteAllTests" name="EmployeeTest" time="0"/>
  <testcase classname="myApplicationTest.TestSuiteAllTests" name="EmployeeTest10" time="0"/>
  <testcase classname="myApplicationTest.TestSuiteAllTests" name="EmployeeTest2" time="0"/>
  <testcase classname="myApplicationTest.TestSuiteAllTests" name="EmployeeTest3" time="0"/>
  <testcase classname="myApplicationTest.TestSuiteAllTests" name="EmployeeTest4" time="0"/>
  <testcase classname="myApplicationTest.TestSuiteAllTests" name="EmployeeTest5" time="0">
    <failure message="expected [1001] but found [100001]" type="java.lang.AssertionError">java.lang.AssertionError: expected [1001] but found [100001]
	at org.testng.Assert.fail(Assert.java:94)
	at org.testng.Assert.failNotSame(Assert.java:492)
	at org.testng.Assert.assertSame(Assert.java:443)
	at org.testng.Assert.assertSame(Assert.java:453)
	at myApplicationTest.TestSuiteAllTests.EmployeeTest5(TestSuiteAllTests.java:56)
</failure>
  </testcase>
  <testcase classname="myApplicationTest.TestSuiteAllTests" name="EmployeeTest6" time="0"/>
  <testcase classname="myApplicationTest.TestSuiteAllTests" name="EmployeeTest7" time="0"/>
  <testcase classname="myApplicationTest.TestSuiteAllTests" name="EmployeeTest8" time="0"/>
  <testcase classname="myApplicationTest.TestSuiteAllTests" name="EmployeeTest9" time="0.01">
    <failure message="expected [1000000.0] but found [974.709]" type="java.lang.AssertionError">java.lang.AssertionError: expected [1000000.0] but found [974.709]
	at org.testng.Assert.fail(Assert.java:94)
	at org.testng.Assert.failNotEquals(Assert.java:496)
	at org.testng.Assert.assertEquals(Assert.java:209)
	at org.testng.Assert.assertEquals(Assert.java:222)
	at myApplicationTest.TestSuiteAllTests.EmployeeTest9(TestSuiteAllTests.java:85)
</failure>
  </testcase>
  <testcase classname="myApplicationTest.TestSuiteAllTests" name="waitLongTime" time="1.061"/>
</testsuite>