<?xml version="1.0" encoding="UTF-8"?>
<!-- Generated by org.testng.reporters.JUnitXMLReporter -->
<testsuite hostname="Жожа-ПК" name="Command line test" tests="18" failures="4" timestamp="15 Jul 2015 19:01:17 GMT" time="1.123" errors="0">
  <testcase name="EmployeeTest_A" time="0.0" classname="myApplicationTest.TestNameIDGroup"/>
  <testcase name="EmployeeTest_B" time="0.0" classname="myApplicationTest.TestNameIDGroup"/>
  <testcase name="EmployeeTest_C" time="0.0" classname="myApplicationTest.TestNameIDGroup"/>
  <testcase name="EmployeeTest_D" time="0.0" classname="myApplicationTest.TestNameIDGroup">
    <failure type="java.lang.AssertionError" message="expected [1001] but found [100001]">
      <![CDATA[java.lang.AssertionError: expected [1001] but found [100001]
	at myApplicationTest.TestNameIDGroup.EmployeeTest_D(TestNameIDGroup.java:31)
... Removed 38 stack frames]]>
    </failure>
  </testcase> <!-- EmployeeTest_D -->
  <testcase name="EmployeeTest" time="0.0" classname="myApplicationTest.TestNameTest1">
    <failure type="java.lang.AssertionError" message="expected [WillSmitt] but found [Will Smitt]">
      <![CDATA[java.lang.AssertionError: expected [WillSmitt] but found [Will Smitt]
	at myApplicationTest.TestNameTest1.EmployeeTest(TestNameTest1.java:16)
... Removed 39 stack frames]]>
    </failure>
  </testcase> <!-- EmployeeTest -->
  <testcase name="testFinished" time="0.0" classname="myApplicationTest.TestNameTest1"/>
  <testcase name="testStarted" time="0.0" classname="myApplicationTest.TestNameTest1"/>
  <testcase name="EmployeeTest" time="0.0" classname="myApplicationTest.TestSuiteAllTests"/>
  <testcase name="EmployeeTest10" time="0.0" classname="myApplicationTest.TestSuiteAllTests"/>
  <testcase name="EmployeeTest2" time="0.0" classname="myApplicationTest.TestSuiteAllTests"/>
  <testcase name="EmployeeTest3" time="0.0" classname="myApplicationTest.TestSuiteAllTests"/>
  <testcase name="EmployeeTest4" time="0.0" classname="myApplicationTest.TestSuiteAllTests"/>
  <testcase name="EmployeeTest5" time="0.0" classname="myApplicationTest.TestSuiteAllTests">
    <failure type="java.lang.AssertionError" message="expected [1001] but found [100001]">
      <![CDATA[java.lang.AssertionError: expected [1001] but found [100001]
	at myApplicationTest.TestSuiteAllTests.EmployeeTest5(TestSuiteAllTests.java:56)
... Removed 38 stack frames]]>
    </failure>
  </testcase> <!-- EmployeeTest5 -->
  <testcase name="EmployeeTest6" time="0.0" classname="myApplicationTest.TestSuiteAllTests"/>
  <testcase name="EmployeeTest7" time="0.0" classname="myApplicationTest.TestSuiteAllTests"/>
  <testcase name="EmployeeTest8" time="0.0" classname="myApplicationTest.TestSuiteAllTests"/>
  <testcase name="EmployeeTest9" time="0.0" classname="myApplicationTest.TestSuiteAllTests">
    <failure type="java.lang.AssertionError" message="expected [1000000.0] but found [974.709]">
      <![CDATA[java.lang.AssertionError: expected [1000000.0] but found [974.709]
	at myApplicationTest.TestSuiteAllTests.EmployeeTest9(TestSuiteAllTests.java:85)
... Removed 38 stack frames]]>
    </failure>
  </testcase> <!-- EmployeeTest9 -->
  <testcase name="waitLongTime" time="1.061" classname="myApplicationTest.TestSuiteAllTests"/>
</testsuite> <!-- Command line test -->
